<?xml version="1.0" encoding="UTF-8"?>
<!-- Generated by org.testng.reporters.JUnitXMLReporter -->
<testsuite ignored="0" hostname="DESKTOP-0GQT428" failures="4" tests="4" name="LoginTest" time="25.803" errors="0" timestamp="2026-06-15T19:45:41 IST">
  <testcase classname="testscripts.LoginTest" name="verifyUserIsAbleToLoginWithValidCridential" time="1.658">
    <failure type="java.lang.NullPointerException" message="Cannot invoke &amp;quot;org.apache.poi.xssf.usermodel.XSSFSheet.getRow(int)&amp;quot; because &amp;quot;utilities.ExcelUtility.s&amp;quot; is null">
      <![CDATA[java.lang.NullPointerException: Cannot invoke "org.apache.poi.xssf.usermodel.XSSFSheet.getRow(int)" because "utilities.ExcelUtility.s" is null
at utilities.ExcelUtility.getStringData(ExcelUtility.java:23)
at testscripts.LoginTest.verifyUserIsAbleToLoginWithValidCridential(LoginTest.java:15)
at java.base/java.util.ArrayList.forEach(ArrayList.java:1596)
... Removed 25 stack frames]]>
    </failure>
  </testcase> <!-- verifyUserIsAbleToLoginWithValidCridential -->
  <testcase classname="testscripts.LoginTest" name="verifyUserIsNotAbleToLoginWithInvalidPassword" time="0.605">
    <failure type="java.lang.NullPointerException" message="Cannot invoke &amp;quot;org.apache.poi.xssf.usermodel.XSSFSheet.getRow(int)&amp;quot; because &amp;quot;utilities.ExcelUtility.s&amp;quot; is null">
      <![CDATA[java.lang.NullPointerException: Cannot invoke "org.apache.poi.xssf.usermodel.XSSFSheet.getRow(int)" because "utilities.ExcelUtility.s" is null
at utilities.ExcelUtility.getStringData(ExcelUtility.java:23)
at testscripts.LoginTest.verifyUserIsNotAbleToLoginWithInvalidPassword(LoginTest.java:25)
at java.base/java.util.ArrayList.forEach(ArrayList.java:1596)
... Removed 25 stack frames]]>
    </failure>
  </testcase> <!-- verifyUserIsNotAbleToLoginWithInvalidPassword -->
  <testcase classname="testscripts.LoginTest" name="verifyUserIsNotAbleToLoginWithInvalidUsername" time="0.531">
    <failure type="java.lang.NullPointerException" message="Cannot invoke &amp;quot;org.apache.poi.xssf.usermodel.XSSFSheet.getRow(int)&amp;quot; because &amp;quot;utilities.ExcelUtility.s&amp;quot; is null">
      <![CDATA[java.lang.NullPointerException: Cannot invoke "org.apache.poi.xssf.usermodel.XSSFSheet.getRow(int)" because "utilities.ExcelUtility.s" is null
at utilities.ExcelUtility.getStringData(ExcelUtility.java:23)
at testscripts.LoginTest.verifyUserIsNotAbleToLoginWithInvalidUsername(LoginTest.java:35)
at java.base/java.util.ArrayList.forEach(ArrayList.java:1596)
... Removed 25 stack frames]]>
    </failure>
  </testcase> <!-- verifyUserIsNotAbleToLoginWithInvalidUsername -->
  <testcase classname="testscripts.LoginTest" name="verifyUserIsNotAbleToLoginWithInvalidCridential" time="0.271">
    <failure type="java.lang.NullPointerException" message="Cannot invoke &amp;quot;org.apache.poi.xssf.usermodel.XSSFSheet.getRow(int)&amp;quot; because &amp;quot;utilities.ExcelUtility.s&amp;quot; is null">
      <![CDATA[java.lang.NullPointerException: Cannot invoke "org.apache.poi.xssf.usermodel.XSSFSheet.getRow(int)" because "utilities.ExcelUtility.s" is null
at utilities.ExcelUtility.getStringData(ExcelUtility.java:23)
at testscripts.LoginTest.verifyUserIsNotAbleToLoginWithInvalidCridential(LoginTest.java:46)
at java.base/java.util.ArrayList.forEach(ArrayList.java:1596)
... Removed 25 stack frames]]>
    </failure>
  </testcase> <!-- verifyUserIsNotAbleToLoginWithInvalidCridential -->
</testsuite> <!-- LoginTest -->
