<?xml version="1.0" encoding="UTF-8"?>
<!-- Generated by org.testng.reporters.JUnitXMLReporter -->
<testsuite ignored="0" hostname="DESKTOP-0GQT428" failures="0" tests="4" name="Test" time="49.979" errors="0" timestamp="2026-06-16T14:34:24 IST">
  <testcase classname="testscripts.LoginTest" name="verifyUserIsAbleToLoginWithValidCridential" time="3.979"/>
  <testcase classname="testscripts.LoginTest" name="verifyUserIsNotAbleToLoginWithInvalidPassword" time="1.613"/>
  <testcase classname="testscripts.LoginTest" name="verifyUserIsNotAbleToLoginWithInvalidUsername" time="1.731"/>
  <testcase classname="testscripts.LoginTest" name="verifyUserIsNotAbleToLoginWithInvalidCridential" time="3.297"/>
</testsuite> <!-- Test -->
