<?xml version="1.0" encoding="UTF-8"?>
<!-- Generated by org.testng.reporters.JUnitReportReporter -->
<testsuite hostname="DESKTOP-0GQT428" failures="0" tests="4" name="testscripts.LoginTest" time="49.481" errors="0" timestamp="2026-06-16T14:34:25 IST" skipped="0">
  <testcase classname="testscripts.LoginTest" name="verifyUserIsAbleToLoginWithValidCridential" time="17.436"/>
  <testcase classname="testscripts.LoginTest" name="verifyUserIsNotAbleToLoginWithInvalidPassword" time="13.725"/>
  <testcase classname="testscripts.LoginTest" name="verifyUserIsNotAbleToLoginWithInvalidUsername" time="9.865"/>
  <testcase classname="testscripts.LoginTest" name="verifyUserIsNotAbleToLoginWithInvalidCridential" time="8.455"/>
</testsuite> <!-- testscripts.LoginTest -->
