<?xml version="1.0" encoding="UTF-8"?>
<testng-results ignored="0" total="4" passed="4" failed="0" skipped="0">
  <reporter-output>
  </reporter-output>
  <suite started-at="2026-06-16T14:33:34 IST" name="Suite" finished-at="2026-06-16T14:34:24 IST" duration-ms="49979">
    <groups>
      <group name="smoke">
        <method signature="LoginTest.verifyUserIsAbleToLoginWithValidCridential()[pri:1, instance:testscripts.LoginTest@14cd1699]" name="verifyUserIsAbleToLoginWithValidCridential" class="testscripts.LoginTest"/>
        <method signature="LoginTest.verifyUserIsNotAbleToLoginWithInvalidCridential()[pri:4, instance:testscripts.LoginTest@14cd1699]" name="verifyUserIsNotAbleToLoginWithInvalidCridential" class="testscripts.LoginTest"/>
      </group> <!-- smoke -->
    </groups>
    <test started-at="2026-06-16T14:33:34 IST" name="Test" finished-at="2026-06-16T14:34:24 IST" duration-ms="49979">
      <class name="testscripts.LoginTest">
        <test-method is-config="true" signature="initialize(java.lang.String)[pri:0, instance:testscripts.LoginTest@14cd1699]" started-at="2026-06-16T14:33:34 IST" name="initialize" finished-at="2026-06-16T14:33:42 IST" duration-ms="8125" status="PASS">
          <params>
            <param index="0">
              <value>
                <![CDATA[chrome]]>
              </value>
            </param>
          </params>
          <reporter-output>
          </reporter-output>
        </test-method> <!-- initialize -->
        <test-method signature="verifyUserIsAbleToLoginWithValidCridential()[pri:1, instance:testscripts.LoginTest@14cd1699]" started-at="2026-06-16T14:33:42 IST" name="verifyUserIsAbleToLoginWithValidCridential" description="Validating user login with valid credentials" finished-at="2026-06-16T14:33:46 IST" duration-ms="3979" status="PASS">
          <reporter-output>
          </reporter-output>
        </test-method> <!-- verifyUserIsAbleToLoginWithValidCridential -->
        <test-method is-config="true" signature="driverQuit(org.testng.ITestResult)[pri:0, instance:testscripts.LoginTest@14cd1699]" started-at="2026-06-16T14:33:46 IST" name="driverQuit" finished-at="2026-06-16T14:33:46 IST" duration-ms="17" status="PASS">
          <params>
            <param index="0">
              <value>
                <![CDATA[[TestResult name=verifyUserIsAbleToLoginWithValidCridential status=SUCCESS method=LoginTest.verifyUserIsAbleToLoginWithValidCridential()[pri:1, instance:testscripts.LoginTest@14cd1699] output={null}]]]>
              </value>
            </param>
          </params>
          <reporter-output>
          </reporter-output>
        </test-method> <!-- driverQuit -->
        <test-method is-config="true" signature="initialize(java.lang.String)[pri:0, instance:testscripts.LoginTest@14cd1699]" started-at="2026-06-16T14:33:46 IST" name="initialize" finished-at="2026-06-16T14:33:51 IST" duration-ms="5155" status="PASS">
          <params>
            <param index="0">
              <value>
                <![CDATA[chrome]]>
              </value>
            </param>
          </params>
          <reporter-output>
          </reporter-output>
        </test-method> <!-- initialize -->
        <test-method signature="verifyUserIsNotAbleToLoginWithInvalidPassword()[pri:2, instance:testscripts.LoginTest@14cd1699]" started-at="2026-06-16T14:33:51 IST" name="verifyUserIsNotAbleToLoginWithInvalidPassword" description="Validating user is  unable login with Invalid password" finished-at="2026-06-16T14:33:53 IST" duration-ms="1613" status="PASS">
          <reporter-output>
          </reporter-output>
        </test-method> <!-- verifyUserIsNotAbleToLoginWithInvalidPassword -->
        <test-method is-config="true" signature="driverQuit(org.testng.ITestResult)[pri:0, instance:testscripts.LoginTest@14cd1699]" started-at="2026-06-16T14:33:53 IST" name="driverQuit" finished-at="2026-06-16T14:33:53 IST" duration-ms="7" status="PASS">
          <params>
            <param index="0">
              <value>
                <![CDATA[[TestResult name=verifyUserIsNotAbleToLoginWithInvalidPassword status=SUCCESS method=LoginTest.verifyUserIsNotAbleToLoginWithInvalidPassword()[pri:2, instance:testscripts.LoginTest@14cd1699] output={null}]]]>
              </value>
            </param>
          </params>
          <reporter-output>
          </reporter-output>
        </test-method> <!-- driverQuit -->
        <test-method is-config="true" signature="initialize(java.lang.String)[pri:0, instance:testscripts.LoginTest@14cd1699]" started-at="2026-06-16T14:33:53 IST" name="initialize" finished-at="2026-06-16T14:34:05 IST" duration-ms="12105" status="PASS">
          <params>
            <param index="0">
              <value>
                <![CDATA[chrome]]>
              </value>
            </param>
          </params>
          <reporter-output>
          </reporter-output>
        </test-method> <!-- initialize -->
        <test-method signature="verifyUserIsNotAbleToLoginWithInvalidUsername()[pri:3, instance:testscripts.LoginTest@14cd1699]" started-at="2026-06-16T14:34:05 IST" name="verifyUserIsNotAbleToLoginWithInvalidUsername" description="Validating user unable to Login with Invalid username" finished-at="2026-06-16T14:34:07 IST" duration-ms="1731" status="PASS">
          <reporter-output>
          </reporter-output>
        </test-method> <!-- verifyUserIsNotAbleToLoginWithInvalidUsername -->
        <test-method is-config="true" signature="driverQuit(org.testng.ITestResult)[pri:0, instance:testscripts.LoginTest@14cd1699]" started-at="2026-06-16T14:34:07 IST" name="driverQuit" finished-at="2026-06-16T14:34:07 IST" duration-ms="3" status="PASS">
          <params>
            <param index="0">
              <value>
                <![CDATA[[TestResult name=verifyUserIsNotAbleToLoginWithInvalidUsername status=SUCCESS method=LoginTest.verifyUserIsNotAbleToLoginWithInvalidUsername()[pri:3, instance:testscripts.LoginTest@14cd1699] output={null}]]]>
              </value>
            </param>
          </params>
          <reporter-output>
          </reporter-output>
        </test-method> <!-- driverQuit -->
        <test-method is-config="true" signature="initialize(java.lang.String)[pri:0, instance:testscripts.LoginTest@14cd1699]" started-at="2026-06-16T14:34:07 IST" name="initialize" finished-at="2026-06-16T14:34:20 IST" duration-ms="13440" status="PASS">
          <params>
            <param index="0">
              <value>
                <![CDATA[chrome]]>
              </value>
            </param>
          </params>
          <reporter-output>
          </reporter-output>
        </test-method> <!-- initialize -->
        <test-method signature="verifyUserIsNotAbleToLoginWithInvalidCridential()[pri:4, instance:testscripts.LoginTest@14cd1699]" started-at="2026-06-16T14:34:20 IST" name="verifyUserIsNotAbleToLoginWithInvalidCridential" description="Validating  user is unable to login inavlid credentials" finished-at="2026-06-16T14:34:24 IST" duration-ms="3297" status="PASS">
          <reporter-output>
          </reporter-output>
        </test-method> <!-- verifyUserIsNotAbleToLoginWithInvalidCridential -->
        <test-method is-config="true" signature="driverQuit(org.testng.ITestResult)[pri:0, instance:testscripts.LoginTest@14cd1699]" started-at="2026-06-16T14:34:24 IST" name="driverQuit" finished-at="2026-06-16T14:34:24 IST" duration-ms="9" status="PASS">
          <params>
            <param index="0">
              <value>
                <![CDATA[[TestResult name=verifyUserIsNotAbleToLoginWithInvalidCridential status=SUCCESS method=LoginTest.verifyUserIsNotAbleToLoginWithInvalidCridential()[pri:4, instance:testscripts.LoginTest@14cd1699] output={null}]]]>
              </value>
            </param>
          </params>
          <reporter-output>
          </reporter-output>
        </test-method> <!-- driverQuit -->
      </class> <!-- testscripts.LoginTest -->
    </test> <!-- Test -->
  </suite> <!-- Suite -->
</testng-results>
